app/build_old/intermediates/manifest_merge_blame_file/debug/manifest-merger-blame-debug-report.txt
1<?xml version="1.0" encoding="utf-8"?>
2<manifest xmlns:android="http://schemas.android.com/apk/res/android"
3    package="com.minlish.app"
4    android:versionCode="1"
5    android:versionName="1.0" >
6
7    <uses-sdk
8        android:minSdkVersion="26"
9        android:targetSdkVersion="34" />
10
11    <uses-permission android:name="android.permission.INTERNET" />
11-->src\main\AndroidManifest.xml:5:5-67
11-->src\main\AndroidManifest.xml:5:22-64
12    <uses-permission android:name="android.permission.ACCESS_NETWORK_STATE" />
12-->src\main\AndroidManifest.xml:6:5-79
12-->src\main\AndroidManifest.xml:6:22-76
13    <uses-permission android:name="android.permission.POST_NOTIFICATIONS" />
13-->src\main\AndroidManifest.xml:7:5-77
13-->src\main\AndroidManifest.xml:7:22-74
14    <uses-permission android:name="android.permission.WAKE_LOCK" />
14-->[androidx.work:work-runtime:2.9.0] AndroidManifest.xml:23:5-68
14-->[androidx.work:work-runtime:2.9.0] AndroidManifest.xml:23:22-65
15    <uses-permission android:name="android.permission.RECEIVE_BOOT_COMPLETED" />
15-->[androidx.work:work-runtime:2.9.0] AndroidManifest.xml:25:5-81
15-->[androidx.work:work-runtime:2.9.0] AndroidManifest.xml:25:22-78
16    <uses-permission android:name="android.permission.FOREGROUND_SERVICE" />
16-->[androidx.work:work-runtime:2.9.0] AndroidManifest.xml:26:5-77
16-->[androidx.work:work-runtime:2.9.0] AndroidManifest.xml:26:22-74
17    <uses-permission android:name="com.google.android.providers.gsf.permission.READ_GSERVICES" />
17-->[com.google.android.recaptcha:recaptcha:18.4.0] AndroidManifest.xml:9:5-98
17-->[com.google.android.recaptcha:recaptcha:18.4.0] AndroidManifest.xml:9:22-95
18
19    <permission
19-->[androidx.core:core:1.12.0] AndroidManifest.xml:22:5-24:47
20        android:name="com.minlish.app.DYNAMIC_RECEIVER_NOT_EXPORTED_PERMISSION"
20-->[androidx.core:core:1.12.0] AndroidManifest.xml:23:9-81
21        android:protectionLevel="signature" />
21-->[androidx.core:core:1.12.0] AndroidManifest.xml:24:9-44
22
23    <uses-permission android:name="com.minlish.app.DYNAMIC_RECEIVER_NOT_EXPORTED_PERMISSION" />
23-->[androidx.core:core:1.12.0] AndroidManifest.xml:26:5-97
23-->[androidx.core:core:1.12.0] AndroidManifest.xml:26:22-94
24
25    <application
25-->src\main\AndroidManifest.xml:9:5-39:19
26        android:name="com.minlish.app.MinLishApp"
26-->src\main\AndroidManifest.xml:10:9-35
27        android:allowBackup="false"
27-->src\main\AndroidManifest.xml:11:9-36
28        android:appComponentFactory="androidx.core.app.CoreComponentFactory"
28-->[androidx.core:core:1.12.0] AndroidManifest.xml:28:18-86
29        android:dataExtractionRules="@xml/data_extraction_rules"
29-->src\main\AndroidManifest.xml:12:9-65
30        android:debuggable="true"
31        android:extractNativeLibs="false"
32        android:fullBackupContent="@xml/backup_rules"
32-->src\main\AndroidManifest.xml:13:9-54
33        android:icon="@android:drawable/sym_def_app_icon"
33-->src\main\AndroidManifest.xml:14:9-58
34        android:label="@string/app_name"
34-->src\main\AndroidManifest.xml:15:9-41
35        android:roundIcon="@android:drawable/sym_def_app_icon"
35-->src\main\AndroidManifest.xml:16:9-63
36        android:supportsRtl="true"
36-->src\main\AndroidManifest.xml:17:9-35
37        android:testOnly="true"
38        android:theme="@style/Theme.MinLish" >
38-->src\main\AndroidManifest.xml:18:9-45
39        <activity
39-->src\main\AndroidManifest.xml:19:31-27:16
40            android:name="com.minlish.app.MainActivity"
40-->src\main\AndroidManifest.xml:20:9-37
41            android:exported="true"
41-->src\main\AndroidManifest.xml:21:9-32
42            android:theme="@style/Theme.MinLish" >
42-->src\main\AndroidManifest.xml:22:9-45
43            <intent-filter>
43-->src\main\AndroidManifest.xml:23:9-26:25
44                <action android:name="android.intent.action.MAIN" />
44-->src\main\AndroidManifest.xml:24:13-65
44-->src\main\AndroidManifest.xml:24:21-62
45
46                <category android:name="android.intent.category.LAUNCHER" />
46-->src\main\AndroidManifest.xml:25:13-73
46-->src\main\AndroidManifest.xml:25:23-70
47            </intent-filter>
48        </activity>
49
50        <provider
51            android:name="androidx.startup.InitializationProvider"
51-->src\main\AndroidManifest.xml:30:13-67
52            android:authorities="com.minlish.app.androidx-startup"
52-->src\main\AndroidManifest.xml:31:13-68
53            android:exported="false" >
53-->src\main\AndroidManifest.xml:32:13-37
54            <meta-data
54-->[androidx.emoji2:emoji2:1.3.0] AndroidManifest.xml:29:13-31:52
55                android:name="androidx.emoji2.text.EmojiCompatInitializer"
55-->[androidx.emoji2:emoji2:1.3.0] AndroidManifest.xml:30:17-75
56                android:value="androidx.startup" />
56-->[androidx.emoji2:emoji2:1.3.0] AndroidManifest.xml:31:17-49
57            <meta-data
57-->[androidx.lifecycle:lifecycle-process:2.7.0] AndroidManifest.xml:29:13-31:52
58                android:name="androidx.lifecycle.ProcessLifecycleInitializer"
58-->[androidx.lifecycle:lifecycle-process:2.7.0] AndroidManifest.xml:30:17-78
59                android:value="androidx.startup" />
59-->[androidx.lifecycle:lifecycle-process:2.7.0] AndroidManifest.xml:31:17-49
60            <meta-data
60-->[androidx.profileinstaller:profileinstaller:1.3.0] AndroidManifest.xml:29:13-31:52
61                android:name="androidx.profileinstaller.ProfileInstallerInitializer"
61-->[androidx.profileinstaller:profileinstaller:1.3.0] AndroidManifest.xml:30:17-85
62                android:value="androidx.startup" />
62-->[androidx.profileinstaller:profileinstaller:1.3.0] AndroidManifest.xml:31:17-49
63        </provider>
64
65        <service
65-->[androidx.work:work-runtime:2.9.0] AndroidManifest.xml:39:9-45:35
66            android:name="androidx.work.impl.background.systemalarm.SystemAlarmService"
66-->[androidx.work:work-runtime:2.9.0] AndroidManifest.xml:40:13-88
67            android:directBootAware="false"
67-->[androidx.work:work-runtime:2.9.0] AndroidManifest.xml:41:13-44
68            android:enabled="@bool/enable_system_alarm_service_default"
68-->[androidx.work:work-runtime:2.9.0] AndroidManifest.xml:42:13-72
69            android:exported="false" />
69-->[androidx.work:work-runtime:2.9.0] AndroidManifest.xml:43:13-37
70        <service
70-->[androidx.work:work-runtime:2.9.0] AndroidManifest.xml:46:9-52:35
71            android:name="androidx.work.impl.background.systemjob.SystemJobService"
71-->[androidx.work:work-runtime:2.9.0] AndroidManifest.xml:47:13-84
72            android:directBootAware="false"
72-->[androidx.work:work-runtime:2.9.0] AndroidManifest.xml:48:13-44
73            android:enabled="@bool/enable_system_job_service_default"
73-->[androidx.work:work-runtime:2.9.0] AndroidManifest.xml:49:13-70
74            android:exported="true"
74-->[androidx.work:work-runtime:2.9.0] AndroidManifest.xml:50:13-36
75            android:permission="android.permission.BIND_JOB_SERVICE" />
75-->[androidx.work:work-runtime:2.9.0] AndroidManifest.xml:51:13-69
76        <service
76-->[androidx.work:work-runtime:2.9.0] AndroidManifest.xml:53:9-59:35
77            android:name="androidx.work.impl.foreground.SystemForegroundService"
77-->[androidx.work:work-runtime:2.9.0] AndroidManifest.xml:54:13-81
78            android:directBootAware="false"
78-->[androidx.work:work-runtime:2.9.0] AndroidManifest.xml:55:13-44
79            android:enabled="@bool/enable_system_foreground_service_default"
79-->[androidx.work:work-runtime:2.9.0] AndroidManifest.xml:56:13-77
80            android:exported="false" />
80-->[androidx.work:work-runtime:2.9.0] AndroidManifest.xml:57:13-37
81
82        <receiver
82-->[androidx.work:work-runtime:2.9.0] AndroidManifest.xml:61:9-66:35
83            android:name="androidx.work.impl.utils.ForceStopRunnable$BroadcastReceiver"
83-->[androidx.work:work-runtime:2.9.0] AndroidManifest.xml:62:13-88
84            android:directBootAware="false"
84-->[androidx.work:work-runtime:2.9.0] AndroidManifest.xml:63:13-44
85            android:enabled="true"
85-->[androidx.work:work-runtime:2.9.0] AndroidManifest.xml:64:13-35
86            android:exported="false" />
86-->[androidx.work:work-runtime:2.9.0] AndroidManifest.xml:65:13-37
87        <receiver
87-->[androidx.work:work-runtime:2.9.0] AndroidManifest.xml:67:9-77:20
88            android:name="androidx.work.impl.background.systemalarm.ConstraintProxy$BatteryChargingProxy"
88-->[androidx.work:work-runtime:2.9.0] AndroidManifest.xml:68:13-106
89            android:directBootAware="false"
89-->[androidx.work:work-runtime:2.9.0] AndroidManifest.xml:69:13-44
90            android:enabled="false"
90-->[androidx.work:work-runtime:2.9.0] AndroidManifest.xml:70:13-36
91            android:exported="false" >
91-->[androidx.work:work-runtime:2.9.0] AndroidManifest.xml:71:13-37
92            <intent-filter>
92-->[androidx.work:work-runtime:2.9.0] AndroidManifest.xml:73:13-76:29
93                <action android:name="android.intent.action.ACTION_POWER_CONNECTED" />
93-->[androidx.work:work-runtime:2.9.0] AndroidManifest.xml:74:17-87
93-->[androidx.work:work-runtime:2.9.0] AndroidManifest.xml:74:25-84
94                <action android:name="android.intent.action.ACTION_POWER_DISCONNECTED" />
94-->[androidx.work:work-runtime:2.9.0] AndroidManifest.xml:75:17-90
94-->[androidx.work:work-runtime:2.9.0] AndroidManifest.xml:75:25-87
95            </intent-filter>
96        </receiver>
97        <receiver
97-->[androidx.work:work-runtime:2.9.0] AndroidManifest.xml:78:9-88:20
98            android:name="androidx.work.impl.background.systemalarm.ConstraintProxy$BatteryNotLowProxy"
98-->[androidx.work:work-runtime:2.9.0] AndroidManifest.xml:79:13-104
99            android:directBootAware="false"
99-->[androidx.work:work-runtime:2.9.0] AndroidManifest.xml:80:13-44
100            android:enabled="false"
100-->[androidx.work:work-runtime:2.9.0] AndroidManifest.xml:81:13-36
101            android:exported="false" >
101-->[androidx.work:work-runtime:2.9.0] AndroidManifest.xml:82:13-37
102            <intent-filter>
102-->[androidx.work:work-runtime:2.9.0] AndroidManifest.xml:84:13-87:29
103                <action android:name="android.intent.action.BATTERY_OKAY" />
103-->[androidx.work:work-runtime:2.9.0] AndroidManifest.xml:85:17-77
103-->[androidx.work:work-runtime:2.9.0] AndroidManifest.xml:85:25-74
104                <action android:name="android.intent.action.BATTERY_LOW" />
104-->[androidx.work:work-runtime:2.9.0] AndroidManifest.xml:86:17-76
104-->[androidx.work:work-runtime:2.9.0] AndroidManifest.xml:86:25-73
105            </intent-filter>
106        </receiver>
107        <receiver
107-->[androidx.work:work-runtime:2.9.0] AndroidManifest.xml:89:9-99:20
108            android:name="androidx.work.impl.background.systemalarm.ConstraintProxy$StorageNotLowProxy"
108-->[androidx.work:work-runtime:2.9.0] AndroidManifest.xml:90:13-104
109            android:directBootAware="false"
109-->[androidx.work:work-runtime:2.9.0] AndroidManifest.xml:91:13-44
110            android:enabled="false"
110-->[androidx.work:work-runtime:2.9.0] AndroidManifest.xml:92:13-36
111            android:exported="false" >
111-->[androidx.work:work-runtime:2.9.0] AndroidManifest.xml:93:13-37
112            <intent-filter>
112-->[androidx.work:work-runtime:2.9.0] AndroidManifest.xml:95:13-98:29
113                <action android:name="android.intent.action.DEVICE_STORAGE_LOW" />
113-->[androidx.work:work-runtime:2.9.0] AndroidManifest.xml:96:17-83
113-->[androidx.work:work-runtime:2.9.0] AndroidManifest.xml:96:25-80
114                <action android:name="android.intent.action.DEVICE_STORAGE_OK" />
114-->[androidx.work:work-runtime:2.9.0] AndroidManifest.xml:97:17-82
114-->[androidx.work:work-runtime:2.9.0] AndroidManifest.xml:97:25-79
115            </intent-filter>
116        </receiver>
117        <receiver
117-->[androidx.work:work-runtime:2.9.0] AndroidManifest.xml:100:9-109:20
118            android:name="androidx.work.impl.background.systemalarm.ConstraintProxy$NetworkStateProxy"
118-->[androidx.work:work-runtime:2.9.0] AndroidManifest.xml:101:13-103
119            android:directBootAware="false"
119-->[androidx.work:work-runtime:2.9.0] AndroidManifest.xml:102:13-44
120            android:enabled="false"
120-->[androidx.work:work-runtime:2.9.0] AndroidManifest.xml:103:13-36
121            android:exported="false" >
121-->[androidx.work:work-runtime:2.9.0] AndroidManifest.xml:104:13-37
122            <intent-filter>
122-->[androidx.work:work-runtime:2.9.0] AndroidManifest.xml:106:13-108:29
123                <action android:name="android.net.conn.CONNECTIVITY_CHANGE" />
123-->[androidx.work:work-runtime:2.9.0] AndroidManifest.xml:107:17-79
123-->[androidx.work:work-runtime:2.9.0] AndroidManifest.xml:107:25-76
124            </intent-filter>
125        </receiver>
126        <receiver
126-->[androidx.work:work-runtime:2.9.0] AndroidManifest.xml:110:9-121:20
127            android:name="androidx.work.impl.background.systemalarm.RescheduleReceiver"
127-->[androidx.work:work-runtime:2.9.0] AndroidManifest.xml:111:13-88
128            android:directBootAware="false"
128-->[androidx.work:work-runtime:2.9.0] AndroidManifest.xml:112:13-44
129            android:enabled="false"
129-->[androidx.work:work-runtime:2.9.0] AndroidManifest.xml:113:13-36
130            android:exported="false" >
130-->[androidx.work:work-runtime:2.9.0] AndroidManifest.xml:114:13-37
131            <intent-filter>
131-->[androidx.work:work-runtime:2.9.0] AndroidManifest.xml:116:13-120:29
132                <action android:name="android.intent.action.BOOT_COMPLETED" />
132-->[androidx.work:work-runtime:2.9.0] AndroidManifest.xml:117:17-79
132-->[androidx.work:work-runtime:2.9.0] AndroidManifest.xml:117:25-76
133                <action android:name="android.intent.action.TIME_SET" />
133-->[androidx.work:work-runtime:2.9.0] AndroidManifest.xml:118:17-73
133-->[androidx.work:work-runtime:2.9.0] AndroidManifest.xml:118:25-70
134                <action android:name="android.intent.action.TIMEZONE_CHANGED" />
134-->[androidx.work:work-runtime:2.9.0] AndroidManifest.xml:119:17-81
134-->[androidx.work:work-runtime:2.9.0] AndroidManifest.xml:119:25-78
135            </intent-filter>
136        </receiver>
137        <receiver
137-->[androidx.work:work-runtime:2.9.0] AndroidManifest.xml:122:9-131:20
138            android:name="androidx.work.impl.background.systemalarm.ConstraintProxyUpdateReceiver"
138-->[androidx.work:work-runtime:2.9.0] AndroidManifest.xml:123:13-99
139            android:directBootAware="false"
139-->[androidx.work:work-runtime:2.9.0] AndroidManifest.xml:124:13-44
140            android:enabled="@bool/enable_system_alarm_service_default"
140-->[androidx.work:work-runtime:2.9.0] AndroidManifest.xml:125:13-72
141            android:exported="false" >
141-->[androidx.work:work-runtime:2.9.0] AndroidManifest.xml:126:13-37
142            <intent-filter>
142-->[androidx.work:work-runtime:2.9.0] AndroidManifest.xml:128:13-130:29
143                <action android:name="androidx.work.impl.background.systemalarm.UpdateProxies" />
143-->[androidx.work:work-runtime:2.9.0] AndroidManifest.xml:129:17-98
143-->[androidx.work:work-runtime:2.9.0] AndroidManifest.xml:129:25-95
144            </intent-filter>
145        </receiver>
146        <receiver
146-->[androidx.work:work-runtime:2.9.0] AndroidManifest.xml:132:9-142:20
147            android:name="androidx.work.impl.diagnostics.DiagnosticsReceiver"
147-->[androidx.work:work-runtime:2.9.0] AndroidManifest.xml:133:13-78
148            android:directBootAware="false"
148-->[androidx.work:work-runtime:2.9.0] AndroidManifest.xml:134:13-44
149            android:enabled="true"
149-->[androidx.work:work-runtime:2.9.0] AndroidManifest.xml:135:13-35
150            android:exported="true"
150-->[androidx.work:work-runtime:2.9.0] AndroidManifest.xml:136:13-36
151            android:permission="android.permission.DUMP" >
151-->[androidx.work:work-runtime:2.9.0] AndroidManifest.xml:137:13-57
152            <intent-filter>
152-->[androidx.work:work-runtime:2.9.0] AndroidManifest.xml:139:13-141:29
153                <action android:name="androidx.work.diagnostics.REQUEST_DIAGNOSTICS" />
153-->[androidx.work:work-runtime:2.9.0] AndroidManifest.xml:140:17-88
153-->[androidx.work:work-runtime:2.9.0] AndroidManifest.xml:140:25-85
154            </intent-filter>
155        </receiver>
156
157        <activity
157-->[androidx.compose.ui:ui-tooling-android:1.6.1] AndroidManifest.xml:23:9-25:39
158            android:name="androidx.compose.ui.tooling.PreviewActivity"
158-->[androidx.compose.ui:ui-tooling-android:1.6.1] AndroidManifest.xml:24:13-71
159            android:exported="true" />
159-->[androidx.compose.ui:ui-tooling-android:1.6.1] AndroidManifest.xml:25:13-36
160        <activity
160-->[androidx.compose.ui:ui-test-manifest:1.6.1] AndroidManifest.xml:23:9-25:39
161            android:name="androidx.activity.ComponentActivity"
161-->[androidx.compose.ui:ui-test-manifest:1.6.1] AndroidManifest.xml:24:13-63
162            android:exported="true" />
162-->[androidx.compose.ui:ui-test-manifest:1.6.1] AndroidManifest.xml:25:13-36
163
164        <service
164-->[com.google.firebase:firebase-auth-ktx:22.3.1] AndroidManifest.xml:8:9-14:19
165            android:name="com.google.firebase.components.ComponentDiscoveryService"
165-->[com.google.firebase:firebase-auth-ktx:22.3.1] AndroidManifest.xml:9:13-84
166            android:directBootAware="true"
166-->[com.google.firebase:firebase-common:20.4.2] AndroidManifest.xml:32:13-43
167            android:exported="false" >
167-->[com.google.firebase:firebase-auth-ktx:22.3.1] AndroidManifest.xml:10:13-37
168            <meta-data
168-->[com.google.firebase:firebase-auth-ktx:22.3.1] AndroidManifest.xml:11:13-13:85
169                android:name="com.google.firebase.components:com.google.firebase.auth.ktx.FirebaseAuthLegacyRegistrar"
169-->[com.google.firebase:firebase-auth-ktx:22.3.1] AndroidManifest.xml:12:17-119
170                android:value="com.google.firebase.components.ComponentRegistrar" />
170-->[com.google.firebase:firebase-auth-ktx:22.3.1] AndroidManifest.xml:13:17-82
171            <meta-data
171-->[com.google.firebase:firebase-auth:22.3.1] AndroidManifest.xml:69:13-71:85
172                android:name="com.google.firebase.components:com.google.firebase.auth.FirebaseAuthRegistrar"
172-->[com.google.firebase:firebase-auth:22.3.1] AndroidManifest.xml:70:17-109
173                android:value="com.google.firebase.components.ComponentRegistrar" />
173-->[com.google.firebase:firebase-auth:22.3.1] AndroidManifest.xml:71:17-82
174            <meta-data
174-->[com.google.firebase:firebase-common-ktx:20.4.2] AndroidManifest.xml:12:13-14:85
175                android:name="com.google.firebase.components:com.google.firebase.ktx.FirebaseCommonLegacyRegistrar"
175-->[com.google.firebase:firebase-common-ktx:20.4.2] AndroidManifest.xml:13:17-116
176                android:value="com.google.firebase.components.ComponentRegistrar" />
176-->[com.google.firebase:firebase-common-ktx:20.4.2] AndroidManifest.xml:14:17-82
177            <meta-data
177-->[com.google.firebase:firebase-common:20.4.2] AndroidManifest.xml:35:13-37:85
178                android:name="com.google.firebase.components:com.google.firebase.FirebaseCommonKtxRegistrar"
178-->[com.google.firebase:firebase-common:20.4.2] AndroidManifest.xml:36:17-109
179                android:value="com.google.firebase.components.ComponentRegistrar" />
179-->[com.google.firebase:firebase-common:20.4.2] AndroidManifest.xml:37:17-82
180        </service>
181
182        <activity
182-->[com.google.firebase:firebase-auth:22.3.1] AndroidManifest.xml:29:9-46:20
183            android:name="com.google.firebase.auth.internal.GenericIdpActivity"
183-->[com.google.firebase:firebase-auth:22.3.1] AndroidManifest.xml:30:13-80
184            android:excludeFromRecents="true"
184-->[com.google.firebase:firebase-auth:22.3.1] AndroidManifest.xml:31:13-46
185            android:exported="true"
185-->[com.google.firebase:firebase-auth:22.3.1] AndroidManifest.xml:32:13-36
186            android:launchMode="singleTask"
186-->[com.google.firebase:firebase-auth:22.3.1] AndroidManifest.xml:33:13-44
187            android:theme="@android:style/Theme.Translucent.NoTitleBar" >
187-->[com.google.firebase:firebase-auth:22.3.1] AndroidManifest.xml:34:13-72
188            <intent-filter>
188-->[com.google.firebase:firebase-auth:22.3.1] AndroidManifest.xml:35:13-45:29
189                <action android:name="android.intent.action.VIEW" />
189-->[com.google.firebase:firebase-auth:22.3.1] AndroidManifest.xml:36:17-69
189-->[com.google.firebase:firebase-auth:22.3.1] AndroidManifest.xml:36:25-66
190
191                <category android:name="android.intent.category.DEFAULT" />
191-->[com.google.firebase:firebase-auth:22.3.1] AndroidManifest.xml:38:17-76
191-->[com.google.firebase:firebase-auth:22.3.1] AndroidManifest.xml:38:27-73
192                <category android:name="android.intent.category.BROWSABLE" />
192-->[com.google.firebase:firebase-auth:22.3.1] AndroidManifest.xml:39:17-78
192-->[com.google.firebase:firebase-auth:22.3.1] AndroidManifest.xml:39:27-75
193
194                <data
194-->[com.google.firebase:firebase-auth:22.3.1] AndroidManifest.xml:41:17-44:51
195                    android:host="firebase.auth"
195-->[com.google.firebase:firebase-auth:22.3.1] AndroidManifest.xml:42:21-49
196                    android:path="/"
196-->[com.google.firebase:firebase-auth:22.3.1] AndroidManifest.xml:43:21-37
197                    android:scheme="genericidp" />
197-->[com.google.firebase:firebase-auth:22.3.1] AndroidManifest.xml:44:21-48
198            </intent-filter>
199        </activity>
200        <activity
200-->[com.google.firebase:firebase-auth:22.3.1] AndroidManifest.xml:47:9-64:20
201            android:name="com.google.firebase.auth.internal.RecaptchaActivity"
201-->[com.google.firebase:firebase-auth:22.3.1] AndroidManifest.xml:48:13-79
202            android:excludeFromRecents="true"
202-->[com.google.firebase:firebase-auth:22.3.1] AndroidManifest.xml:49:13-46
203            android:exported="true"
203-->[com.google.firebase:firebase-auth:22.3.1] AndroidManifest.xml:50:13-36
204            android:launchMode="singleTask"
204-->[com.google.firebase:firebase-auth:22.3.1] AndroidManifest.xml:51:13-44
205            android:theme="@android:style/Theme.Translucent.NoTitleBar" >
205-->[com.google.firebase:firebase-auth:22.3.1] AndroidManifest.xml:52:13-72
206            <intent-filter>
206-->[com.google.firebase:firebase-auth:22.3.1] AndroidManifest.xml:53:13-63:29
207                <action android:name="android.intent.action.VIEW" />
207-->[com.google.firebase:firebase-auth:22.3.1] AndroidManifest.xml:36:17-69
207-->[com.google.firebase:firebase-auth:22.3.1] AndroidManifest.xml:36:25-66
208
209                <category android:name="android.intent.category.DEFAULT" />
209-->[com.google.firebase:firebase-auth:22.3.1] AndroidManifest.xml:38:17-76
209-->[com.google.firebase:firebase-auth:22.3.1] AndroidManifest.xml:38:27-73
210                <category android:name="android.intent.category.BROWSABLE" />
210-->[com.google.firebase:firebase-auth:22.3.1] AndroidManifest.xml:39:17-78
210-->[com.google.firebase:firebase-auth:22.3.1] AndroidManifest.xml:39:27-75
211
212                <data
212-->[com.google.firebase:firebase-auth:22.3.1] AndroidManifest.xml:41:17-44:51
213                    android:host="firebase.auth"
213-->[com.google.firebase:firebase-auth:22.3.1] AndroidManifest.xml:42:21-49
214                    android:path="/"
214-->[com.google.firebase:firebase-auth:22.3.1] AndroidManifest.xml:43:21-37
215                    android:scheme="recaptcha" />
215-->[com.google.firebase:firebase-auth:22.3.1] AndroidManifest.xml:44:21-48
216            </intent-filter>
217        </activity>
218
219        <provider
219-->[com.google.firebase:firebase-common:20.4.2] AndroidManifest.xml:23:9-28:39
220            android:name="com.google.firebase.provider.FirebaseInitProvider"
220-->[com.google.firebase:firebase-common:20.4.2] AndroidManifest.xml:24:13-77
221            android:authorities="com.minlish.app.firebaseinitprovider"
221-->[com.google.firebase:firebase-common:20.4.2] AndroidManifest.xml:25:13-72
222            android:directBootAware="true"
222-->[com.google.firebase:firebase-common:20.4.2] AndroidManifest.xml:26:13-43
223            android:exported="false"
223-->[com.google.firebase:firebase-common:20.4.2] AndroidManifest.xml:27:13-37
224            android:initOrder="100" />
224-->[com.google.firebase:firebase-common:20.4.2] AndroidManifest.xml:28:13-36
225
226        <service
226-->[androidx.room:room-runtime:2.6.1] AndroidManifest.xml:24:9-28:63
227            android:name="androidx.room.MultiInstanceInvalidationService"
227-->[androidx.room:room-runtime:2.6.1] AndroidManifest.xml:25:13-74
228            android:directBootAware="true"
228-->[androidx.room:room-runtime:2.6.1] AndroidManifest.xml:26:13-43
229            android:exported="false" />
229-->[androidx.room:room-runtime:2.6.1] AndroidManifest.xml:27:13-37
230
231        <activity
231-->[com.google.android.gms:play-services-base:18.0.1] AndroidManifest.xml:20:9-22:45
232            android:name="com.google.android.gms.common.api.GoogleApiActivity"
232-->[com.google.android.gms:play-services-base:18.0.1] AndroidManifest.xml:20:19-85
233            android:exported="false"
233-->[com.google.android.gms:play-services-base:18.0.1] AndroidManifest.xml:22:19-43
234            android:theme="@android:style/Theme.Translucent.NoTitleBar" />
234-->[com.google.android.gms:play-services-base:18.0.1] AndroidManifest.xml:21:19-78
235
236        <meta-data
236-->[com.google.android.gms:play-services-basement:18.1.0] AndroidManifest.xml:21:9-23:69
237            android:name="com.google.android.gms.version"
237-->[com.google.android.gms:play-services-basement:18.1.0] AndroidManifest.xml:22:13-58
238            android:value="@integer/google_play_services_version" />
238-->[com.google.android.gms:play-services-basement:18.1.0] AndroidManifest.xml:23:13-66
239
240        <receiver
240-->[androidx.profileinstaller:profileinstaller:1.3.0] AndroidManifest.xml:34:9-52:20
241            android:name="androidx.profileinstaller.ProfileInstallReceiver"
241-->[androidx.profileinstaller:profileinstaller:1.3.0] AndroidManifest.xml:35:13-76
242            android:directBootAware="false"
242-->[androidx.profileinstaller:profileinstaller:1.3.0] AndroidManifest.xml:36:13-44
243            android:enabled="true"
243-->[androidx.profileinstaller:profileinstaller:1.3.0] AndroidManifest.xml:37:13-35
244            android:exported="true"
244-->[androidx.profileinstaller:profileinstaller:1.3.0] AndroidManifest.xml:38:13-36
245            android:permission="android.permission.DUMP" >
245-->[androidx.profileinstaller:profileinstaller:1.3.0] AndroidManifest.xml:39:13-57
246            <intent-filter>
246-->[androidx.profileinstaller:profileinstaller:1.3.0] AndroidManifest.xml:40:13-42:29
247                <action android:name="androidx.profileinstaller.action.INSTALL_PROFILE" />
247-->[androidx.profileinstaller:profileinstaller:1.3.0] AndroidManifest.xml:41:17-91
247-->[androidx.profileinstaller:profileinstaller:1.3.0] AndroidManifest.xml:41:25-88
248            </intent-filter>
249            <intent-filter>
249-->[androidx.profileinstaller:profileinstaller:1.3.0] AndroidManifest.xml:43:13-45:29
250                <action android:name="androidx.profileinstaller.action.SKIP_FILE" />
250-->[androidx.profileinstaller:profileinstaller:1.3.0] AndroidManifest.xml:44:17-85
250-->[androidx.profileinstaller:profileinstaller:1.3.0] AndroidManifest.xml:44:25-82
251            </intent-filter>
252            <intent-filter>
252-->[androidx.profileinstaller:profileinstaller:1.3.0] AndroidManifest.xml:46:13-48:29
253                <action android:name="androidx.profileinstaller.action.SAVE_PROFILE" />
253-->[androidx.profileinstaller:profileinstaller:1.3.0] AndroidManifest.xml:47:17-88
253-->[androidx.profileinstaller:profileinstaller:1.3.0] AndroidManifest.xml:47:25-85
254            </intent-filter>
255            <intent-filter>
255-->[androidx.profileinstaller:profileinstaller:1.3.0] AndroidManifest.xml:49:13-51:29
256                <action android:name="androidx.profileinstaller.action.BENCHMARK_OPERATION" />
256-->[androidx.profileinstaller:profileinstaller:1.3.0] AndroidManifest.xml:50:17-95
256-->[androidx.profileinstaller:profileinstaller:1.3.0] AndroidManifest.xml:50:25-92
257            </intent-filter>
258        </receiver>
259    </application>
260
261</manifest>